<?xml version="1.0" encoding="UTF-8"?>
<!-- Generated by org.testng.reporters.JUnitReportReporter -->
<testsuite hostname="LAPTOP-139EAR6L" failures="0" tests="2" name="practice_package.Dataprovider" time="0.011" errors="0" timestamp="2023-03-23T16:14:31 IST" skipped="0">
  <testcase classname="practice_package.Dataprovider" name="getdata" time="0.002"/>
  <system-out/>
  <testcase classname="practice_package.Dataprovider" name="getdata" time="0.009"/>
  <system-out/>
</testsuite> <!-- practice_package.Dataprovider -->
