<?xml version="1.0" encoding="UTF-8"?>
<!-- Generated by org.testng.reporters.JUnitReportReporter -->
<testsuite hostname="LAPTOP-139EAR6L" failures="0" tests="1" name="com.Test.PaymentTest" time="2.424" errors="0" timestamp="2023-03-29T10:29:16 IST" skipped="0">
  <testcase classname="com.Test.PaymentTest" name="payment" time="2.424"/>
  <system-out/>
</testsuite> <!-- com.Test.PaymentTest -->
