<?xml version="1.0" encoding="UTF-8"?>
<!-- Generated by org.testng.reporters.JUnitReportReporter -->
<testsuite hostname="LAPTOP-139EAR6L" failures="0" tests="1" name="practice_package.Dataprovid" time="0.000" errors="0" timestamp="2023-03-24T10:32:10 IST" skipped="1">
  <testcase classname="practice_package.Dataprovid" name="getdata" time="0.000">
    <skipped/>
  </testcase> <!-- getdata -->
  <system-out/>
</testsuite> <!-- practice_package.Dataprovid -->
