<?xml version="1.0" encoding="UTF-8"?>
<!-- Generated by org.testng.reporters.JUnitReportReporter -->
<testsuite hostname="LAPTOP-139EAR6L" failures="0" tests="2" name="practice_package.Anotation" time="0.013" errors="0" timestamp="2023-03-23T16:23:44 IST" skipped="0">
  <testcase classname="practice_package.Anotation" name="test" time="0.009"/>
  <system-out/>
  <testcase classname="practice_package.Anotation" name="testmethod" time="0.004"/>
  <system-out/>
</testsuite> <!-- practice_package.Anotation -->
