<?xml version="1.0" encoding="UTF-8"?>
<!-- Generated by org.testng.reporters.JUnitReportReporter -->
<testsuite hostname="LAPTOP-139EAR6L" failures="0" tests="3" name="practice_package.testngmethod" time="0.018" errors="0" timestamp="2023-04-01T20:47:10 IST" skipped="0">
  <testcase classname="practice_package.testngmethod" name="testtwo" time="0.013"/>
  <system-out/>
  <testcase classname="practice_package.testngmethod" name="testtwo" time="0.003"/>
  <system-out/>
  <testcase classname="practice_package.testngmethod" name="testthree" time="0.002"/>
  <system-out/>
</testsuite> <!-- practice_package.testngmethod -->
