<?xml version="1.0" encoding="UTF-8"?>
<!-- Generated by org.testng.reporters.JUnitReportReporter -->
<testsuite hostname="LAPTOP-139EAR6L" failures="0" tests="17" name="practice_package.Datapro" time="0.027" errors="0" timestamp="2023-03-24T10:46:10 IST" skipped="0">
  <testcase classname="practice_package.Datapro" name="getdata" time="0.001"/>
  <system-out/>
  <testcase classname="practice_package.Datapro" name="getdata" time="0.001"/>
  <system-out/>
  <testcase classname="practice_package.Datapro" name="getdata" time="0.002"/>
  <system-out/>
  <testcase classname="practice_package.Datapro" name="getdata" time="0.001"/>
  <system-out/>
  <testcase classname="practice_package.Datapro" name="getdata" time="0.001"/>
  <system-out/>
  <testcase classname="practice_package.Datapro" name="getdata" time="0.000"/>
  <system-out/>
  <testcase classname="practice_package.Datapro" name="getdata" time="0.002"/>
  <system-out/>
  <testcase classname="practice_package.Datapro" name="getdata" time="0.001"/>
  <system-out/>
  <testcase classname="practice_package.Datapro" name="getdata" time="0.001"/>
  <system-out/>
  <testcase classname="practice_package.Datapro" name="getdata" time="0.002"/>
  <system-out/>
  <testcase classname="practice_package.Datapro" name="getdata" time="0.002"/>
  <system-out/>
  <testcase classname="practice_package.Datapro" name="getdata" time="0.001"/>
  <system-out/>
  <testcase classname="practice_package.Datapro" name="getdata" time="0.001"/>
  <system-out/>
  <testcase classname="practice_package.Datapro" name="getdata" time="0.001"/>
  <system-out/>
  <testcase classname="practice_package.Datapro" name="getdata" time="0.001"/>
  <system-out/>
  <testcase classname="practice_package.Datapro" name="getdata" time="0.007"/>
  <system-out/>
  <testcase classname="practice_package.Datapro" name="getdata" time="0.002"/>
  <system-out/>
</testsuite> <!-- practice_package.Datapro -->
